Arguments: 
  /home/pi/.nvm/versions/node/v14.10.1/bin/node /home/pi/.nvm/versions/node/v14.10.1/bin/yarn install

PATH: 
  /home/pi/.nvm/versions/node/v14.10.1/lib/node_modules/npm/node_modules/npm-lifecycle/node-gyp-bin:/home/pi/git/magnet-co-parser/node_modules/.bin:/home/pi/.nvm/versions/node/v14.10.1/bin:/data/data/com.termux/files/usr/bin/applets:/data/data/com.termux/files/usr/bin:/usr/local/sbin:/usr/sbin:/sbin:/usr/local/opt/curl/bin:/usr/local/bin:/home/pi/.local/bin:/home/pi/.cargo/bin:/usr/local/bin:/usr/bin:/bin:/usr/games

Yarn version: 
  1.22.5

Node version: 
  14.10.1

Platform: 
  linux arm

Trace: 
  Error: unexpected end of file
      at Zlib.zlibOnError [as onerror] (zlib.js:180:17)

npm manifest: 
  {
    "name": "magnet-co-parser",
    "version": "1.0.0",
    "maintainers": [
      "Kirill Molchanov <k03.mad@gmail.com"
    ],
    "repository": "k03mad/magnet-co-parser",
    "engines": {
      "node": ">=14"
    },
    "type": "module",
    "dependencies": {
      "app-root-path": "3.0.0",
      "cheerio": "1.0.0-rc.3",
      "chalk": "4.1.0",
      "debug": "4.1.1",
      "i18n-iso-countries": "6.0.0",
      "jimp": "0.16.1",
      "moment": "2.28.0",
      "ms": "2.1.2",
      "p-map": "4.0.0",
      "utils-mad": "9.3.2"
    },
    "devDependencies": {
      "eslint": "7.9.0",
      "eslint-config-k03mad": "5.0.2",
      "eslint-plugin-jsdoc": "30.4.2",
      "eslint-plugin-node": "11.1.0",
      "eslint-plugin-promise": "4.2.1",
      "eslint-plugin-sonarjs": "0.5.0",
      "eslint-plugin-sort-requires": "2.1.0",
      "eslint-plugin-unicorn": "21.0.0",
      "husky": "4.3.0"
    },
    "scripts": {
      "lint": "eslint ./ --report-unused-disable-directives --format=codeframe --ignore-pattern='!.*'",
      "setup": "yarn install",
      "parse": "node index.js",
      "server": "pm2 start pm2.json",
      "start": "npm run parse && npm run server"
    },
    "license": "Unlicense"
  }

yarn manifest: 
  No manifest

Lockfile: 
  No lockfile
